# JRE version: OpenJDK Runtime Environment Temurin-21.0.9+10 (21.0.9+10) (build 21.0.9+10-LTS)
# Java VM: OpenJDK 64-Bit Server VM Temurin-21.0.9+10 (21.0.9+10-LTS, mixed mode, sharing, tiered, compressed oops, compressed class ptrs, parallel gc, windows-amd64)
GC Precious Log:
 CardTable entry size: 512
 CPUs: 8 total, 8 available
 Memory: 16082M
 Large Page Support: Disabled
 NUMA Support: Disabled
 Compressed Oops: Enabled (32-bit)
 Alignments: Space 512K, Generation 512K, Heap 2M
 Heap Min Capacity: 100M
 Heap Initial Capacity: 100M
 Heap Max Capacity: 2G
 Pre-touch: Disabled
 Parallel Workers: 8
Heap:
 PSYoungGen      total 3072K, used 1591K [0x00000000d5580000, 0x00000000d5980000, 0x0000000100000000)
  eden space 2048K, 35% used [0x00000000d5580000,0x00000000d5635e50,0x00000000d5780000)
  from space 1024K, 84% used [0x00000000d5780000,0x00000000d5858010,0x00000000d5880000)
  to   space 1024K, 0% used [0x00000000d5880000,0x00000000d5880000,0x00000000d5980000)
 ParOldGen       total 178176K, used 178103K [0x0000000080000000, 0x000000008ae00000, 0x00000000d5580000)
  object space 178176K, 99% used [0x0000000080000000,0x000000008adede80,0x000000008ae00000)
 Metaspace       used 64956K, committed 66368K, reserved 1114112K
  class space    used 6785K, committed 7424K, reserved 1048576K
GC Heap History (20 events):
Event: 31.200 GC heap before
{Heap before GC invocations=107 (full 3):
 PSYoungGen      total 3584K, used 3424K [0x00000000d5580000, 0x00000000d5b00000, 0x0000000100000000)
  eden space 2048K, 100% used [0x00000000d5580000,0x00000000d5780000,0x00000000d5780000)
  from space 1536K, 89% used [0x00000000d5800000,0x00000000d5958000,0x00000000d5980000)
  to   space 1536K, 0% used [0x00000000d5980000,0x00000000d5980000,0x00000000d5b00000)
 ParOldGen       total 166400K, used 166206K [0x0000000080000000, 0x000000008a280000, 0x00000000d5580000)
  object space 166400K, 99% used [0x0000000080000000,0x000000008a24fb20,0x000000008a280000)
 Metaspace       used 64112K, committed 65600K, reserved 1114112K
  class space    used 6715K, committed 7360K, reserved 1048576K
}
Event: 31.204 GC heap after
{Heap after GC invocations=107 (full 3):
 PSYoungGen      total 3584K, used 1536K [0x00000000d5580000, 0x00000000d5b80000, 0x0000000100000000)
  eden space 2048K, 0% used [0x00000000d5580000,0x00000000d5580000,0x00000000d5780000)
  from space 1536K, 100% used [0x00000000d5980000,0x00000000d5b00000,0x00000000d5b00000)
  to   space 2048K, 0% used [0x00000000d5780000,0x00000000d5780000,0x00000000d5980000)
 ParOldGen       total 167424K, used 167390K [0x0000000080000000, 0x000000008a380000, 0x00000000d5580000)
  object space 167424K, 99% used [0x0000000080000000,0x000000008a377b20,0x000000008a380000)
 Metaspace       used 64112K, committed 65600K, reserved 1114112K
  class space    used 6715K, committed 7360K, reserved 1048576K
}
Event: 31.259 GC heap before
{Heap before GC invocations=108 (full 3):
 PSYoungGen      total 3584K, used 3584K [0x00000000d5580000, 0x00000000d5b80000, 0x0000000100000000)
  eden space 2048K, 100% used [0x00000000d5580000,0x00000000d5780000,0x00000000d5780000)
  from space 1536K, 100% used [0x00000000d5980000,0x00000000d5b00000,0x00000000d5b00000)
  to   space 2048K, 0% used [0x00000000d5780000,0x00000000d5780000,0x00000000d5980000)
 ParOldGen       total 167424K, used 167390K [0x0000000080000000, 0x000000008a380000, 0x00000000d5580000)
  object space 167424K, 99% used [0x0000000080000000,0x000000008a377b20,0x000000008a380000)
 Metaspace       used 64291K, committed 65728K, reserved 1114112K
  class space    used 6738K, committed 7360K, reserved 1048576K
}
Event: 31.262 GC heap after
{Heap after GC invocations=108 (full 3):
 PSYoungGen      total 3072K, used 736K [0x00000000d5580000, 0x00000000d5a80000, 0x0000000100000000)
  eden space 2048K, 0% used [0x00000000d5580000,0x00000000d5580000,0x00000000d5780000)
  from space 1024K, 71% used [0x00000000d5780000,0x00000000d5838000,0x00000000d5880000)
  to   space 1536K, 0% used [0x00000000d5900000,0x00000000d5900000,0x00000000d5a80000)
 ParOldGen       total 168960K, used 168870K [0x0000000080000000, 0x000000008a500000, 0x00000000d5580000)
  object space 168960K, 99% used [0x0000000080000000,0x000000008a4e9b20,0x000000008a500000)
 Metaspace       used 64291K, committed 65728K, reserved 1114112K
  class space    used 6738K, committed 7360K, reserved 1048576K
}
Event: 31.293 GC heap before
{Heap before GC invocations=109 (full 3):
 PSYoungGen      total 3072K, used 2784K [0x00000000d5580000, 0x00000000d5a80000, 0x0000000100000000)
  eden space 2048K, 100% used [0x00000000d5580000,0x00000000d5780000,0x00000000d5780000)
  from space 1024K, 71% used [0x00000000d5780000,0x00000000d5838000,0x00000000d5880000)
  to   space 1536K, 0% used [0x00000000d5900000,0x00000000d5900000,0x00000000d5a80000)
 ParOldGen       total 168960K, used 168870K [0x0000000080000000, 0x000000008a500000, 0x00000000d5580000)
  object space 168960K, 99% used [0x0000000080000000,0x000000008a4e9b20,0x000000008a500000)
 Metaspace       used 64343K, committed 65792K, reserved 1114112K
  class space    used 6745K, committed 7360K, reserved 1048576K
}
Event: 31.296 GC heap after
{Heap after GC invocations=109 (full 3):
 PSYoungGen      total 3584K, used 992K [0x00000000d5580000, 0x00000000d5a80000, 0x0000000100000000)
  eden space 2048K, 0% used [0x00000000d5580000,0x00000000d5580000,0x00000000d5780000)
  from space 1536K, 64% used [0x00000000d5900000,0x00000000d59f8000,0x00000000d5a80000)
  to   space 1536K, 0% used [0x00000000d5780000,0x00000000d5780000,0x00000000d5900000)
 ParOldGen       total 169472K, used 169462K [0x0000000080000000, 0x000000008a580000, 0x00000000d5580000)
  object space 169472K, 99% used [0x0000000080000000,0x000000008a57db20,0x000000008a580000)
 Metaspace       used 64343K, committed 65792K, reserved 1114112K
  class space    used 6745K, committed 7360K, reserved 1048576K
}
Event: 31.315 GC heap before
{Heap before GC invocations=110 (full 3):
 PSYoungGen      total 3584K, used 3040K [0x00000000d5580000, 0x00000000d5a80000, 0x0000000100000000)
  eden space 2048K, 100% used [0x00000000d5580000,0x00000000d5780000,0x00000000d5780000)
  from space 1536K, 64% used [0x00000000d5900000,0x00000000d59f8000,0x00000000d5a80000)
  to   space 1536K, 0% used [0x00000000d5780000,0x00000000d5780000,0x00000000d5900000)
 ParOldGen       total 169472K, used 169462K [0x0000000080000000, 0x000000008a580000, 0x00000000d5580000)
  object space 169472K, 99% used [0x0000000080000000,0x000000008a57db20,0x000000008a580000)
 Metaspace       used 64371K, committed 65792K, reserved 1114112K
  class space    used 6748K, committed 7360K, reserved 1048576K
}
Event: 31.318 GC heap after
{Heap after GC invocations=110 (full 3):
 PSYoungGen      total 3584K, used 1257K [0x00000000d5580000, 0x00000000d5a80000, 0x0000000100000000)
  eden space 2048K, 0% used [0x00000000d5580000,0x00000000d5580000,0x00000000d5780000)
  from space 1536K, 81% used [0x00000000d5780000,0x00000000d58ba480,0x00000000d5900000)
  to   space 1536K, 0% used [0x00000000d5900000,0x00000000d5900000,0x00000000d5a80000)
 ParOldGen       total 170496K, used 170315K [0x0000000080000000, 0x000000008a680000, 0x00000000d5580000)
  object space 170496K, 99% used [0x0000000080000000,0x000000008a652e78,0x000000008a680000)
 Metaspace       used 64371K, committed 65792K, reserved 1114112K
  class space    used 6748K, committed 7360K, reserved 1048576K
}
Event: 31.327 GC heap before
{Heap before GC invocations=111 (full 3):
 PSYoungGen      total 3584K, used 3305K [0x00000000d5580000, 0x00000000d5a80000, 0x0000000100000000)
  eden space 2048K, 100% used [0x00000000d5580000,0x00000000d5780000,0x00000000d5780000)
  from space 1536K, 81% used [0x00000000d5780000,0x00000000d58ba480,0x00000000d5900000)
  to   space 1536K, 0% used [0x00000000d5900000,0x00000000d5900000,0x00000000d5a80000)
 ParOldGen       total 170496K, used 170315K [0x0000000080000000, 0x000000008a680000, 0x00000000d5580000)
  object space 170496K, 99% used [0x0000000080000000,0x000000008a652e78,0x000000008a680000)
 Metaspace       used 64372K, committed 65792K, reserved 1114112K
  class space    used 6748K, committed 7360K, reserved 1048576K
}
Event: 31.335 GC heap after
{Heap after GC invocations=111 (full 3):
 PSYoungGen      total 3584K, used 1280K [0x00000000d5580000, 0x00000000d5a80000, 0x0000000100000000)
  eden space 2048K, 0% used [0x00000000d5580000,0x00000000d5580000,0x00000000d5780000)
  from space 1536K, 83% used [0x00000000d5900000,0x00000000d5a40000,0x00000000d5a80000)
  to   space 1536K, 0% used [0x00000000d5780000,0x00000000d5780000,0x00000000d5900000)
 ParOldGen       total 171520K, used 171470K [0x0000000080000000, 0x000000008a780000, 0x00000000d5580000)
  object space 171520K, 99% used [0x0000000080000000,0x000000008a773b00,0x000000008a780000)
 Metaspace       used 64372K, committed 65792K, reserved 1114112K
  class space    used 6748K, committed 7360K, reserved 1048576K
}
Event: 31.365 GC heap before
{Heap before GC invocations=112 (full 3):
 PSYoungGen      total 3584K, used 3305K [0x00000000d5580000, 0x00000000d5a80000, 0x0000000100000000)
  eden space 2048K, 98% used [0x00000000d5580000,0x00000000d577a798,0x00000000d5780000)
  from space 1536K, 83% used [0x00000000d5900000,0x00000000d5a40000,0x00000000d5a80000)
  to   space 1536K, 0% used [0x00000000d5780000,0x00000000d5780000,0x00000000d5900000)
 ParOldGen       total 171520K, used 171470K [0x0000000080000000, 0x000000008a780000, 0x00000000d5580000)
  object space 171520K, 99% used [0x0000000080000000,0x000000008a773b00,0x000000008a780000)
 Metaspace       used 64385K, committed 65792K, reserved 1114112K
  class space    used 6748K, committed 7360K, reserved 1048576K
}
Event: 31.368 GC heap after
{Heap after GC invocations=112 (full 3):
 PSYoungGen      total 3584K, used 878K [0x00000000d5580000, 0x00000000d5a80000, 0x0000000100000000)
  eden space 2048K, 0% used [0x00000000d5580000,0x00000000d5580000,0x00000000d5780000)
  from space 1536K, 57% used [0x00000000d5780000,0x00000000d585bbe0,0x00000000d5900000)
  to   space 1536K, 0% used [0x00000000d5900000,0x00000000d5900000,0x00000000d5a80000)
 ParOldGen       total 173056K, used 172606K [0x0000000080000000, 0x000000008a900000, 0x00000000d5580000)
  object space 173056K, 99% used [0x0000000080000000,0x000000008a88fb00,0x000000008a900000)
 Metaspace       used 64385K, committed 65792K, reserved 1114112K
  class space    used 6748K, committed 7360K, reserved 1048576K
}
Event: 31.394 GC heap before
{Heap before GC invocations=113 (full 3):
 PSYoungGen      total 3584K, used 2925K [0x00000000d5580000, 0x00000000d5a80000, 0x0000000100000000)
  eden space 2048K, 99% used [0x00000000d5580000,0x00000000d577fac8,0x00000000d5780000)
  from space 1536K, 57% used [0x00000000d5780000,0x00000000d585bbe0,0x00000000d5900000)
  to   space 1536K, 0% used [0x00000000d5900000,0x00000000d5900000,0x00000000d5a80000)
 ParOldGen       total 173056K, used 172606K [0x0000000080000000, 0x000000008a900000, 0x00000000d5580000)
  object space 173056K, 99% used [0x0000000080000000,0x000000008a88fb00,0x000000008a900000)
 Metaspace       used 64512K, committed 65920K, reserved 1114112K
  class space    used 6751K, committed 7360K, reserved 1048576K
}
Event: 31.395 GC heap after
{Heap after GC invocations=113 (full 3):
 PSYoungGen      total 2560K, used 160K [0x00000000d5580000, 0x00000000d5980000, 0x0000000100000000)
  eden space 2048K, 0% used [0x00000000d5580000,0x00000000d5580000,0x00000000d5780000)
  from space 512K, 31% used [0x00000000d5900000,0x00000000d5928000,0x00000000d5980000)
  to   space 512K, 0% used [0x00000000d5880000,0x00000000d5880000,0x00000000d5900000)
 ParOldGen       total 173056K, used 172862K [0x0000000080000000, 0x000000008a900000, 0x00000000d5580000)
  object space 173056K, 99% used [0x0000000080000000,0x000000008a8cfa48,0x000000008a900000)
 Metaspace       used 64512K, committed 65920K, reserved 1114112K
  class space    used 6751K, committed 7360K, reserved 1048576K
}
Event: 31.491 GC heap before
{Heap before GC invocations=114 (full 3):
 PSYoungGen      total 2560K, used 2208K [0x00000000d5580000, 0x00000000d5980000, 0x0000000100000000)
  eden space 2048K, 100% used [0x00000000d5580000,0x00000000d5780000,0x00000000d5780000)
  from space 512K, 31% used [0x00000000d5900000,0x00000000d5928000,0x00000000d5980000)
  to   space 512K, 0% used [0x00000000d5880000,0x00000000d5880000,0x00000000d5900000)
 ParOldGen       total 173056K, used 172862K [0x0000000080000000, 0x000000008a900000, 0x00000000d5580000)
  object space 173056K, 99% used [0x0000000080000000,0x000000008a8cfa48,0x000000008a900000)
 Metaspace       used 64577K, committed 65984K, reserved 1114112K
  class space    used 6757K, committed 7360K, reserved 1048576K
}
Event: 31.494 GC heap after
{Heap after GC invocations=114 (full 3):
 PSYoungGen      total 2560K, used 512K [0x00000000d5580000, 0x00000000d5a80000, 0x0000000100000000)
  eden space 2048K, 0% used [0x00000000d5580000,0x00000000d5580000,0x00000000d5780000)
  from space 512K, 100% used [0x00000000d5880000,0x00000000d5900000,0x00000000d5900000)
  to   space 1536K, 0% used [0x00000000d5900000,0x00000000d5900000,0x00000000d5a80000)
 ParOldGen       total 173568K, used 173270K [0x0000000080000000, 0x000000008a980000, 0x00000000d5580000)
  object space 173568K, 99% used [0x0000000080000000,0x000000008a935a48,0x000000008a980000)
 Metaspace       used 64577K, committed 65984K, reserved 1114112K
  class space    used 6757K, committed 7360K, reserved 1048576K
}
Event: 31.511 GC heap before
{Heap before GC invocations=115 (full 3):
 PSYoungGen      total 2560K, used 2559K [0x00000000d5580000, 0x00000000d5a80000, 0x0000000100000000)
  eden space 2048K, 99% used [0x00000000d5580000,0x00000000d577fff8,0x00000000d5780000)
  from space 512K, 100% used [0x00000000d5880000,0x00000000d5900000,0x00000000d5900000)
  to   space 1536K, 0% used [0x00000000d5900000,0x00000000d5900000,0x00000000d5a80000)
 ParOldGen       total 173568K, used 173270K [0x0000000080000000, 0x000000008a980000, 0x00000000d5580000)
  object space 173568K, 99% used [0x0000000080000000,0x000000008a935a48,0x000000008a980000)
 Metaspace       used 64585K, committed 65984K, reserved 1114112K
  class space    used 6757K, committed 7360K, reserved 1048576K
}
Event: 31.515 GC heap after
{Heap after GC invocations=115 (full 3):
 PSYoungGen      total 3584K, used 1277K [0x00000000d5580000, 0x00000000d5a80000, 0x0000000100000000)
  eden space 2048K, 0% used [0x00000000d5580000,0x00000000d5580000,0x00000000d5780000)
  from space 1536K, 83% used [0x00000000d5900000,0x00000000d5a3f6f8,0x00000000d5a80000)
  to   space 1536K, 0% used [0x00000000d5780000,0x00000000d5780000,0x00000000d5900000)
 ParOldGen       total 174080K, used 173741K [0x0000000080000000, 0x000000008aa00000, 0x00000000d5580000)
  object space 174080K, 99% used [0x0000000080000000,0x000000008a9ab748,0x000000008aa00000)
 Metaspace       used 64585K, committed 65984K, reserved 1114112K
  class space    used 6757K, committed 7360K, reserved 1048576K
}
Event: 31.584 GC heap before
{Heap before GC invocations=116 (full 3):
 PSYoungGen      total 3584K, used 3325K [0x00000000d5580000, 0x00000000d5a80000, 0x0000000100000000)
  eden space 2048K, 100% used [0x00000000d5580000,0x00000000d5780000,0x00000000d5780000)
  from space 1536K, 83% used [0x00000000d5900000,0x00000000d5a3f6f8,0x00000000d5a80000)
  to   space 1536K, 0% used [0x00000000d5780000,0x00000000d5780000,0x00000000d5900000)
 ParOldGen       total 174080K, used 173741K [0x0000000080000000, 0x000000008aa00000, 0x00000000d5580000)
  object space 174080K, 99% used [0x0000000080000000,0x000000008a9ab748,0x000000008aa00000)
 Metaspace       used 64612K, committed 66048K, reserved 1114112K
  class space    used 6761K, committed 7360K, reserved 1048576K
}
Event: 31.592 GC heap after
{Heap after GC invocations=116 (full 3):
 PSYoungGen      total 3584K, used 1426K [0x00000000d5580000, 0x00000000d5a80000, 0x0000000100000000)
  eden space 2048K, 0% used [0x00000000d5580000,0x00000000d5580000,0x00000000d5780000)
  from space 1536K, 92% used [0x00000000d5780000,0x00000000d58e4938,0x00000000d5900000)
  to   space 1536K, 0% used [0x00000000d5900000,0x00000000d5900000,0x00000000d5a80000)
 ParOldGen       total 175104K, used 174811K [0x0000000080000000, 0x000000008ab00000, 0x00000000d5580000)
  object space 175104K, 99% used [0x0000000080000000,0x000000008aab6e40,0x000000008ab00000)
 Metaspace       used 64612K, committed 66048K, reserved 1114112K
  class space    used 6761K, committed 7360K, reserved 1048576K
}

